
sre@cpp:~/laravel-feature-lab$ docker build --target php-base   -t laravel-php-base   -f docker/php/Dockerfile .
[+] Building 0.6s (7/7) FINISHED                                                                                                                                         docker:default
 => [internal] load build definition from Dockerfile                                                                                                                               0.0s
 => => transferring dockerfile: 3.92kB                                                                                                                                             0.0s
 => [internal] load metadata for docker.io/library/php:8.3-fpm                                                                                                                     0.5s
 => [internal] load .dockerignore                                                                                                                                                  0.0s
 => => transferring context: 93B                                                                                                                                                   0.0s
 => [php-base 1/3] FROM docker.io/library/php:8.3-fpm@sha256:25d6030b5ecd11f7edcbdedbfed3dae55d2032330eed73eaeab5ae0bcb54bc9d                                                      0.0s
 => CACHED [php-base 2/3] WORKDIR /var/www/html                                                                                                                                    0.0s
 => CACHED [php-base 3/3] RUN apt-get update     && DEBIAN_FRONTEND=noninteractive apt-get install -y --no-install-recommends         ca-certificates curl git unzip gnupg2        0.0s
 => exporting to image                                                                                                                                                             0.0s
 => => exporting layers                                                                                                                                                            0.0s
 => => writing image sha256:931c9cf811276b7106667b8f9fa9ee750c852ef1b5ae19d800e4e3cf6381201d                                                                                       0.0s
 => => naming to docker.io/library/laravel-php-base                                                                                                                                0.0s

sre@cpp:~/laravel-feature-lab$ docker build --no-cache --target php-base -t laravel-php-base -f docker/php/Dockerfile .
[+] Building 10.2s (7/7) FINISHED                                                                                                                                        docker:default
 => [internal] load build definition from Dockerfile                                                                                                                               0.0s
 => => transferring dockerfile: 3.96kB                                                                                                                                             0.0s
 => [internal] load metadata for docker.io/library/php:8.3-fpm                                                                                                                     0.3s
 => [internal] load .dockerignore                                                                                                                                                  0.0s
 => => transferring context: 93B                                                                                                                                                   0.0s
 => [php-base 1/3] FROM docker.io/library/php:8.3-fpm@sha256:25d6030b5ecd11f7edcbdedbfed3dae55d2032330eed73eaeab5ae0bcb54bc9d                                                      0.0s
 => CACHED [php-base 2/3] WORKDIR /var/www/html                                                                                                                                    0.0s
 => [php-base 3/3] RUN apt-get update     && DEBIAN_FRONTEND=noninteractive apt-get install -y --no-install-recommends         ca-certificates curl git unzip gnupg2         zlib  9.7s
 => exporting to image                                                                                                                                                             0.1s
 => => exporting layers                                                                                                                                                            0.1s
 => => writing image sha256:329825fba9f07110770ce27f037acca2a6704df0cf1a09faba92d0029d8dde6d                                                                                       0.0s 
 => => naming to docker.io/library/laravel-php-base                                                                                                                                0.0s 
sre@cpp:~/laravel-feature-lab$                       
