
sre@cpp:~/laravel-feature-lab$ docker build --no-cache --target composer-deps -t laravel-composer -f docker/php/Dockerfile .                                                             
[+] Building 126.5s (21/21) FINISHED                                                                                                                                      docker:default 
 => [internal] load build definition from Dockerfile                                                                                                                                0.0s
 => => transferring dockerfile: 4.53kB                                                                                                                                              0.0s
 => [internal] load metadata for docker.io/library/composer:2                                                                                                                       0.7s
 => [internal] load metadata for docker.io/library/php:8.3-fpm                                                                                                                      0.3s
 => [internal] load .dockerignore                                                                                                                                                   0.0s
 => => transferring context: 93B                                                                                                                                                    0.0s
 => [internal] load build context                                                                                                                                                   0.1s
 => => transferring context: 100B                                                                                                                                                   0.1s
 => CACHED FROM docker.io/library/composer:2@sha256:7384cf9fa70b710af02c9f40bec6e44472e07138efa5ab3428a058087c0d2724                                                                0.0s
 => [php-base 1/3] FROM docker.io/library/php:8.3-fpm@sha256:3ab31cc298c37a87ed1d67c46e9bb9825528137fd88d9343f0d8036fd151742c                                                       0.0s
 => => resolve docker.io/library/php:8.3-fpm@sha256:3ab31cc298c37a87ed1d67c46e9bb9825528137fd88d9343f0d8036fd151742c                                                                0.0s
 => CACHED [php-base 2/3] WORKDIR /var/www/html                                                                                                                                     0.0s
 => [php-base 3/3] RUN apt-get update     && DEBIAN_FRONTEND=noninteractive apt-get install -y --no-install-recommends         ca-certificates curl git unzip gnupg2         zlib  11.5s
 => [php-extensions 1/6] RUN apt-get update && apt-get install -y --no-install-recommends         libicu-dev libxml2-dev libgmp-dev libssl-dev uuid-dev     && rm -rf /var/lib/apt  9.8s
 => [php-extensions 2/6] RUN docker-php-ext-install -j$(nproc)         pdo_pgsql         bcmath         mbstring         exif         pcntl         zip         intl         gmp   61.2s 
 => [php-extensions 3/6] RUN docker-php-ext-configure gd --with-freetype --with-jpeg     && docker-php-ext-install -j$(nproc) gd                                                    5.1s 
 => [php-extensions 4/6] RUN pecl channel-update pecl.php.net     && pecl install redis apcu     && docker-php-ext-enable redis apcu                                               24.3s 
 => [php-extensions 5/6] RUN if [ "false" = "true" ]; then         pecl install xdebug && docker-php-ext-enable xdebug;     else echo "Skipping Xdebug installation"; fi            0.1s 
 => [php-extensions 6/6] RUN apt-get purge -y --auto-remove g++     && rm -rf /tmp/* /var/tmp/*                                                                                     0.3s 
 => [composer-deps 1/5] COPY --from=composer:2 /usr/bin/composer /usr/bin/composer                                                                                                  0.0s 
 => [composer-deps 2/5] WORKDIR /var/www/html                                                                                                                                       0.0s 
 => [composer-deps 3/5] COPY src/composer.json src/composer.lock ./                                                                                                                 0.0s 
 => [composer-deps 4/5] RUN composer require         laravel/breeze         laravel/pennant         laravel/cashier         meilisearch/meilisearch-php         --no-interaction   11.6s 
 => [composer-deps 5/5] RUN composer install --no-dev --prefer-dist --no-interaction --optimize-autoloader --no-scripts                                                             1.1s 
 => exporting to image                                                                                                                                                              0.5s 
 => => exporting layers                                                                                                                                                             0.5s 
 => => writing image sha256:ec86e15dbbdd0ef609aaff8030e486cd0ca86f93d44f77287fa11cea875bf70d                                                                                        0.0s 
 => => naming to docker.io/library/laravel-composer                                                                                                                                 0.0s 

