
sre@cpp:~/hello_world$ docker compose logs nginx
nginx-1  | /docker-entrypoint.sh: /docker-entrypoint.d/ is not empty, will attempt to perform configuration
nginx-1  | /docker-entrypoint.sh: Looking for shell scripts in /docker-entrypoint.d/
nginx-1  | /docker-entrypoint.sh: Launching /docker-entrypoint.d/10-listen-on-ipv6-by-default.sh
nginx-1  | 10-listen-on-ipv6-by-default.sh: info: Getting the checksum of /etc/nginx/conf.d/default.conf
nginx-1  | 10-listen-on-ipv6-by-default.sh: info: /etc/nginx/conf.d/default.conf differs from the packaged version
nginx-1  | /docker-entrypoint.sh: Sourcing /docker-entrypoint.d/15-local-resolvers.envsh
nginx-1  | /docker-entrypoint.sh: Launching /docker-entrypoint.d/20-envsubst-on-templates.sh
nginx-1  | /docker-entrypoint.sh: Launching /docker-entrypoint.d/30-tune-worker-processes.sh
nginx-1  | /docker-entrypoint.sh: Configuration complete; ready for start up
nginx-1  | 2025/11/13 18:48:14 [notice] 1#1: using the "epoll" event method
nginx-1  | 2025/11/13 18:48:14 [notice] 1#1: nginx/1.29.3
nginx-1  | 2025/11/13 18:48:14 [notice] 1#1: built by gcc 14.2.0 (Debian 14.2.0-19) 
nginx-1  | 2025/11/13 18:48:14 [notice] 1#1: OS: Linux 6.8.0-87-generic
nginx-1  | 2025/11/13 18:48:14 [notice] 1#1: getrlimit(RLIMIT_NOFILE): 1048576:1048576
nginx-1  | 2025/11/13 18:48:14 [notice] 1#1: start worker processes
nginx-1  | 2025/11/13 18:48:14 [notice] 1#1: start worker process 28
nginx-1  | 2025/11/13 18:48:14 [notice] 1#1: start worker process 29
nginx-1  | 2025/11/13 18:48:14 [notice] 1#1: start worker process 30
nginx-1  | 2025/11/13 18:48:14 [notice] 1#1: start worker process 31
nginx-1  | 2025/11/13 18:48:14 [notice] 1#1: start worker process 32
nginx-1  | 2025/11/13 18:48:14 [notice] 1#1: start worker process 33
nginx-1  | 172.19.0.1 - - [13/Nov/2025:18:50:35 +0000] "GET /index.php HTTP/1.1" 200 435 "-" "curl/8.5.0" "-"

sre@cpp:~/hello_world$ docker compose logs php
php-1  | [13-Nov-2025 18:48:14] NOTICE: fpm is running, pid 1
php-1  | [13-Nov-2025 18:48:14] NOTICE: ready to handle connections
php-1  | 172.19.0.3 -  13/Nov/2025:18:50:35 +0000 "GET /index.php" 200
sre@cpp:~/hello_world$ 


sre@cpp:~/hello_world$ docker compose logs nginx
nginx-1  | /docker-entrypoint.sh: /docker-entrypoint.d/ is not empty, will attempt to perform configuration
nginx-1  | /docker-entrypoint.sh: Looking for shell scripts in /docker-entrypoint.d/
nginx-1  | /docker-entrypoint.sh: Launching /docker-entrypoint.d/10-listen-on-ipv6-by-default.sh
nginx-1  | 10-listen-on-ipv6-by-default.sh: info: Getting the checksum of /etc/nginx/conf.d/default.conf
nginx-1  | 10-listen-on-ipv6-by-default.sh: info: /etc/nginx/conf.d/default.conf differs from the packaged version
nginx-1  | /docker-entrypoint.sh: Sourcing /docker-entrypoint.d/15-local-resolvers.envsh
nginx-1  | /docker-entrypoint.sh: Launching /docker-entrypoint.d/20-envsubst-on-templates.sh
nginx-1  | /docker-entrypoint.sh: Launching /docker-entrypoint.d/30-tune-worker-processes.sh
nginx-1  | /docker-entrypoint.sh: Configuration complete; ready for start up
nginx-1  | 2025/11/13 18:58:56 [notice] 1#1: using the "epoll" event method
nginx-1  | 2025/11/13 18:58:56 [notice] 1#1: nginx/1.29.3
nginx-1  | 2025/11/13 18:58:56 [notice] 1#1: built by gcc 14.2.0 (Debian 14.2.0-19) 
nginx-1  | 2025/11/13 18:58:56 [notice] 1#1: OS: Linux 6.8.0-87-generic
nginx-1  | 2025/11/13 18:58:56 [notice] 1#1: getrlimit(RLIMIT_NOFILE): 1048576:1048576
nginx-1  | 2025/11/13 18:58:56 [notice] 1#1: start worker processes
nginx-1  | 2025/11/13 18:58:56 [notice] 1#1: start worker process 28
nginx-1  | 2025/11/13 18:58:56 [notice] 1#1: start worker process 29
nginx-1  | 2025/11/13 18:58:56 [notice] 1#1: start worker process 30
nginx-1  | 2025/11/13 18:58:56 [notice] 1#1: start worker process 31
nginx-1  | 2025/11/13 18:58:56 [notice] 1#1: start worker process 32
nginx-1  | 2025/11/13 18:58:56 [notice] 1#1: start worker process 33
nginx-1  | 172.19.0.1 - - [13/Nov/2025:18:59:16 +0000] "GET / HTTP/1.1" 200 96 "-" "curl/8.5.0" "-"
sre@cpp:~/hello_world$ docker compose logs php
php-1  | [13-Nov-2025 18:58:56] NOTICE: fpm is running, pid 1
php-1  | [13-Nov-2025 18:58:56] NOTICE: ready to handle connections
php-1  | 172.19.0.3 -  13/Nov/2025:18:59:16 +0000 "GET /index.php" 200
sre@cpp:~/hello_world$ 

