
 
sre@cpp:~/server_status$ docker compose build
[+] Building 0.9s (18/18) FINISHED                                                                                                                                     
 => [internal] load local bake definitions                                                                                                                        0.0s
 => => reading from stdin 947B                                                                                                                                    0.0s
 => [php_cli internal] load build definition from Dockerfile.cli                                                                                                  0.0s
 => => transferring dockerfile: 166B                                                                                                                              0.0s
 => [php_fpm internal] load build definition from Dockerfile                                                                                                      0.0s
 => => transferring dockerfile: 149B                                                                                                                              0.0s
 => [php_cli internal] load metadata for docker.io/library/php:8.2-cli                                                                                            0.8s
 => [php_fpm internal] load metadata for docker.io/library/php:8.2-fpm                                                                                            0.7s
 => [php_cli internal] load .dockerignore                                                                                                                         0.0s
 => => transferring context: 2B                                                                                                                                   0.0s
 => [php_fpm 1/4] FROM docker.io/library/php:8.2-fpm@sha256:e837e4369c3ada6eed8533dd4e9bc89bf4fb788d83aca207eae65fb30fecde68                                      0.0s
 => [php_cli internal] load build context                                                                                                                         0.0s
 => => transferring context: 716B                                                                                                                                 0.0s
 => CACHED [php_fpm 2/4] WORKDIR /var/www/html                                                                                                                    0.0s
 => [php_fpm 3/4] COPY php/ .                                                                                                                                     0.0s
 => [php_fpm 4/4] RUN chown -R www-data:www-data /var/www/html                                                                                                    0.1s
 => [php_cli 1/3] FROM docker.io/library/php:8.2-cli@sha256:449306de076155850da4a241344fad19af9e15f30c5b7e2ba1cc79d9fc4857b0                                      0.0s
 => CACHED [php_cli 2/3] WORKDIR /var/www/html                                                                                                                    0.0s
 => [php_cli 3/3] COPY php/ .                                                                                                                                     0.0s
 => [php_cli] exporting to image                                                                                                                                  0.0s
 => => exporting layers                                                                                                                                           0.0s
 => => writing image sha256:dddc546f88548ec0d4e8e1503f083da883df20373596980767e2581f3636418b                                                                      0.0s
 => => naming to docker.io/library/server_status-php_cli                                                                                                          0.0s
 => [php_cli] resolving provenance for metadata file                                                                                                              0.0s
 => [php_fpm] exporting to image                                                                                                                                  0.0s
 => => exporting layers                                                                                                                                           0.0s
 => => writing image sha256:e229b22918e45f343e1e66c823194727ea4f0d88a28193fda21838aec1b8350a                                                                      0.0s
 => => naming to docker.io/library/server_status-php_fpm                                                                                                          0.0s
 => [php_fpm] resolving provenance for metadata file                                                                                                              0.0s
[+] Building 2/2
 ✔ server_status-php_cli  Built                                                                                                                                   0.0s 
 ✔ server_status-php_fpm  Built                                                                                                                                   0.0s 

sre@cpp:~/server_status$ docker images | head -3
REPOSITORY              TAG       IMAGE ID       CREATED              SIZE
server_status-php_cli   latest    dddc546f8854   About a minute ago   525MB
server_status-php_fpm   latest    e229b22918e4   About a minute ago   494MB

